0 info it worked if it ends with ok
1 verbose cli [ '/home/alan/.nvm/versions/node/v7.4.0/bin/node',
1 verbose cli   '/home/alan/.nvm/versions/node/v7.4.0/bin/npm',
1 verbose cli   'start' ]
2 info using npm@4.0.5
3 info using node@v7.4.0
4 verbose run-script [ 'prestart', 'start', 'poststart' ]
5 info lifecycle easyserver@1.0.0~prestart: easyserver@1.0.0
6 silly lifecycle easyserver@1.0.0~prestart: no script for prestart, continuing
7 info lifecycle easyserver@1.0.0~start: easyserver@1.0.0
8 verbose lifecycle easyserver@1.0.0~start: unsafe-perm in lifecycle true
9 verbose lifecycle easyserver@1.0.0~start: PATH: /home/alan/.nvm/versions/node/v7.4.0/lib/node_modules/npm/bin/node-gyp-bin:/home/alan/Documents/Apps/easyserver/node_modules/.bin:/home/alan/.nvm/versions/node/v7.4.0/bin:/home/alan/bin:/home/alan/.local/bin:/usr/local/sbin:/usr/local/bin:/usr/sbin:/usr/bin:/sbin:/bin:/usr/games:/usr/local/games:/snap/bin
10 verbose lifecycle easyserver@1.0.0~start: CWD: /home/alan/Documents/Apps/easyserver
11 silly lifecycle easyserver@1.0.0~start: Args: [ '-c', 'index.js' ]
12 info lifecycle easyserver@1.0.0~start: Failed to exec start script
13 verbose stack Error: easyserver@1.0.0 start: `index.js`
13 verbose stack spawn ENOENT
13 verbose stack     at ChildProcess.<anonymous> (/home/alan/.nvm/versions/node/v7.4.0/lib/node_modules/npm/lib/utils/spawn.js:33:16)
13 verbose stack     at emitTwo (events.js:106:13)
13 verbose stack     at ChildProcess.emit (events.js:191:7)
13 verbose stack     at maybeClose (internal/child_process.js:885:16)
13 verbose stack     at Process.ChildProcess._handle.onexit (internal/child_process.js:226:5)
14 verbose pkgid easyserver@1.0.0
15 verbose cwd /home/alan/Documents/Apps/easyserver
16 error Linux 4.4.0-31-generic
17 error argv "/home/alan/.nvm/versions/node/v7.4.0/bin/node" "/home/alan/.nvm/versions/node/v7.4.0/bin/npm" "start"
18 error node v7.4.0
19 error npm  v4.0.5
20 error file sh
21 error code ELIFECYCLE
22 error errno ENOENT
23 error syscall spawn
24 error easyserver@1.0.0 start: `index.js`
24 error spawn ENOENT
25 error Failed at the easyserver@1.0.0 start script 'index.js'.
25 error Make sure you have the latest version of node.js and npm installed.
25 error If you do, this is most likely a problem with the easyserver package,
25 error not with npm itself.
25 error Tell the author that this fails on your system:
25 error     index.js
25 error You can get information on how to open an issue for this project with:
25 error     npm bugs easyserver
25 error Or if that isn't available, you can get their info via:
25 error     npm owner ls easyserver
25 error There is likely additional logging output above.
26 verbose exit [ 1, true ]
